[32m[I 2025-01-05 00:13:16,323][0m A new study created in memory with name: no-name-fd6697db-3cfa-4562-baa9-6ced39da162f[0m
[33m[W 2025-01-05 00:13:16,324][0m Trial 0 failed with parameters: {} because of the following error: TypeError("objective() missing 1 required positional argument: 'dim'").[0m
Traceback (most recent call last):
  File "/home2/y2021/k2110261/.conda/envs/tensorflow/lib/python3.11/site-packages/optuna/study/_optimize.py", line 197, in _run_trial
    value_or_values = func(trial)
                      ^^^^^^^^^^^
  File "/data/student/k2110261/Multi-iTransformer/Transformer_nomstl.py", line 380, in <lambda>
    study.optimize(lambda trial: objective(trial, depth, dim), n_trials=1) #check
                                 ^^^^^^^^^^^^^^^^^^^^^^^^^^^^
TypeError: objective() missing 1 required positional argument: 'dim'
[33m[W 2025-01-05 00:13:16,341][0m Trial 0 failed with value None.[0m
Traceback (most recent call last):
  File "/data/student/k2110261/Multi-iTransformer/Transformer_nomstl.py", line 380, in <module>
    study.optimize(lambda trial: objective(trial, depth, dim), n_trials=1) #check
    ^^^^^^^^^^^^^^^^^^^^^^^^^^^^^^^^^^^^^^^^^^^^^^^^^^^^^^^^^^^^^^^^^^^^^^
  File "/home2/y2021/k2110261/.conda/envs/tensorflow/lib/python3.11/site-packages/optuna/study/study.py", line 475, in optimize
    _optimize(
  File "/home2/y2021/k2110261/.conda/envs/tensorflow/lib/python3.11/site-packages/optuna/study/_optimize.py", line 63, in _optimize
    _optimize_sequential(
  File "/home2/y2021/k2110261/.conda/envs/tensorflow/lib/python3.11/site-packages/optuna/study/_optimize.py", line 160, in _optimize_sequential
    frozen_trial = _run_trial(study, func, catch)
                   ^^^^^^^^^^^^^^^^^^^^^^^^^^^^^^
  File "/home2/y2021/k2110261/.conda/envs/tensorflow/lib/python3.11/site-packages/optuna/study/_optimize.py", line 248, in _run_trial
    raise func_err
  File "/home2/y2021/k2110261/.conda/envs/tensorflow/lib/python3.11/site-packages/optuna/study/_optimize.py", line 197, in _run_trial
    value_or_values = func(trial)
                      ^^^^^^^^^^^
  File "/data/student/k2110261/Multi-iTransformer/Transformer_nomstl.py", line 380, in <lambda>
    study.optimize(lambda trial: objective(trial, depth, dim), n_trials=1) #check
                                 ^^^^^^^^^^^^^^^^^^^^^^^^^^^^
TypeError: objective() missing 1 required positional argument: 'dim'
